[2026-05-21 15:39:42]	[info] incremental build: 24 source files changed
These source files will be recompiled
---
'g:\Work\match\one\TI\code\Tilt_Module\TI_damn\Core\Message\usart_send.c': object (.o) file not exist
'g:\Work\match\one\TI\code\Tilt_Module\TI_damn\Core\Moudle\JC.c': object (.o) file not exist
'g:\Work\match\one\TI\code\Tilt_Module\TI_damn\Core\Src\dma.c': object (.o) file not exist
'g:\Work\match\one\TI\code\Tilt_Module\TI_damn\Core\Src\gpio.c': object (.o) file not exist
'g:\Work\match\one\TI\code\Tilt_Module\TI_damn\Core\Src\main.c': object (.o) file not exist
'g:\Work\match\one\TI\code\Tilt_Module\TI_damn\Core\Src\stm32f1xx_hal_msp.c': object (.o) file not exist
'g:\Work\match\one\TI\code\Tilt_Module\TI_damn\Core\Src\stm32f1xx_it.c': object (.o) file not exist
'g:\Work\match\one\TI\code\Tilt_Module\TI_damn\Core\Src\syscalls.c': object (.o) file not exist
'g:\Work\match\one\TI\code\Tilt_Module\TI_damn\Core\Src\sysmem.c': object (.o) file not exist
'g:\Work\match\one\TI\code\Tilt_Module\TI_damn\Core\Src\system_stm32f1xx.c': object (.o) file not exist
'g:\Work\match\one\TI\code\Tilt_Module\TI_damn\Core\Src\usart.c': object (.o) file not exist
'g:\Work\match\one\TI\code\Tilt_Module\TI_damn\Core\Startup\startup_stm32f103c8tx.s': object (.o) file not exist
'g:\Work\match\one\TI\code\Tilt_Module\TI_damn\Drivers\STM32F1xx_HAL_Driver\Src\stm32f1xx_hal.c': object (.o) file not exist
'g:\Work\match\one\TI\code\Tilt_Module\TI_damn\Drivers\STM32F1xx_HAL_Driver\Src\stm32f1xx_hal_cortex.c': object (.o) file not exist
'g:\Work\match\one\TI\code\Tilt_Module\TI_damn\Drivers\STM32F1xx_HAL_Driver\Src\stm32f1xx_hal_dma.c': object (.o) file not exist
'g:\Work\match\one\TI\code\Tilt_Module\TI_damn\Drivers\STM32F1xx_HAL_Driver\Src\stm32f1xx_hal_exti.c': object (.o) file not exist
'g:\Work\match\one\TI\code\Tilt_Module\TI_damn\Drivers\STM32F1xx_HAL_Driver\Src\stm32f1xx_hal_flash.c': object (.o) file not exist
'g:\Work\match\one\TI\code\Tilt_Module\TI_damn\Drivers\STM32F1xx_HAL_Driver\Src\stm32f1xx_hal_flash_ex.c': object (.o) file not exist
'g:\Work\match\one\TI\code\Tilt_Module\TI_damn\Drivers\STM32F1xx_HAL_Driver\Src\stm32f1xx_hal_gpio.c': object (.o) file not exist
'g:\Work\match\one\TI\code\Tilt_Module\TI_damn\Drivers\STM32F1xx_HAL_Driver\Src\stm32f1xx_hal_gpio_ex.c': object (.o) file not exist
'g:\Work\match\one\TI\code\Tilt_Module\TI_damn\Drivers\STM32F1xx_HAL_Driver\Src\stm32f1xx_hal_pwr.c': object (.o) file not exist
'g:\Work\match\one\TI\code\Tilt_Module\TI_damn\Drivers\STM32F1xx_HAL_Driver\Src\stm32f1xx_hal_rcc.c': object (.o) file not exist
'g:\Work\match\one\TI\code\Tilt_Module\TI_damn\Drivers\STM32F1xx_HAL_Driver\Src\stm32f1xx_hal_rcc_ex.c': object (.o) file not exist
'g:\Work\match\one\TI\code\Tilt_Module\TI_damn\Drivers\STM32F1xx_HAL_Driver\Src\stm32f1xx_hal_uart.c': object (.o) file not exist

[2026-05-21 15:39:42]	[done]
	build successfully !

[2026-05-21 15:40:34]	[info] incremental build: 1 source files changed
These source files will be recompiled
---
'g:\Work\match\one\TI\code\Tilt_Module\TI_damn\Core\Src\main.c': source file has been changed.

[2026-05-21 15:40:34]	[done]
	build successfully !

[2026-05-21 15:40:51]	[done]
	build successfully !

[2026-05-21 15:41:18]	[info] incremental build: 1 source files changed
These source files will be recompiled
---
'g:\Work\match\one\TI\code\Tilt_Module\TI_damn\Core\Src\main.c': source file has been changed.

[2026-05-21 15:41:18]	[done]
	build successfully !

[2026-05-21 15:42:09]	[info] incremental build: 1 source files changed
These source files will be recompiled
---
'g:\Work\match\one\TI\code\Tilt_Module\TI_damn\Core\Src\main.c': source file has been changed.

[2026-05-21 15:42:09]	[done]
	build successfully !

[2026-05-21 15:42:23]	[info] incremental build: 1 source files changed
These source files will be recompiled
---
'g:\Work\match\one\TI\code\Tilt_Module\TI_damn\Core\Src\main.c': source file has been changed.

[2026-05-21 15:42:23]	[done]
	build successfully !

[2026-05-21 15:42:43]	[info] incremental build: 1 source files changed
These source files will be recompiled
---
'g:\Work\match\one\TI\code\Tilt_Module\TI_damn\Core\Src\main.c': source file has been changed.

[2026-05-21 15:42:43]	[done]
	build successfully !

[2026-05-21 15:48:24]	[info] incremental build: 2 source files changed
These source files will be recompiled
---
'g:\Work\match\one\TI\code\Tilt_Module\TI_damn\Core\Message\usart_send.c': source file has been changed.
'g:\Work\match\one\TI\code\Tilt_Module\TI_damn\Core\Src\main.c': source file has been changed.

[2026-05-21 15:48:24]	[done]
	build successfully !

[2026-05-21 15:50:39]	[info] incremental build: 1 source files changed
These source files will be recompiled
---
'g:\Work\match\one\TI\code\Tilt_Module\TI_damn\Core\Src\main.c': source file has been changed.

[2026-05-21 15:50:39]	[done]
	build successfully !

[2026-05-21 15:54:16]	[info] incremental build: 1 source files changed
These source files will be recompiled
---
'g:\Work\match\one\TI\code\Tilt_Module\TI_damn\Core\Src\main.c': source file has been changed.

[2026-05-21 15:54:16]	[done]
	build successfully !

[2026-05-21 15:54:51]	[info] incremental build: 1 source files changed
These source files will be recompiled
---
'g:\Work\match\one\TI\code\Tilt_Module\TI_damn\Core\Src\main.c': source file has been changed.

[2026-05-21 15:54:52]	[done]
	build successfully !

[2026-05-21 15:55:50]	[info] incremental build: 1 source files changed
These source files will be recompiled
---
'g:\Work\match\one\TI\code\Tilt_Module\TI_damn\Core\Src\main.c': source file has been changed.

[2026-05-21 15:55:50]	[done]
	build successfully !

[2026-05-21 15:58:47]	[info] incremental build: 2 source files changed
These source files will be recompiled
---
'g:\Work\match\one\TI\code\Tilt_Module\TI_damn\Core\Message\usart_send.c': source file has been changed.
'g:\Work\match\one\TI\code\Tilt_Module\TI_damn\Core\Src\main.c': source file has been changed.

[2026-05-21 15:58:47]	compilation failed at : "g:\Work\match\one\TI\code\Tilt_Module\TI_damn\Core\Message\usart_send.c", exit code: 1
command: 
  "C:\Users\30609\.eide\tools\gcc_arm\bin\arm-none-eabi-gcc.exe" -c -xc -std=c11 -ICore/Inc -IDrivers/STM32F1xx_HAL_Driver/Inc -IDrivers/STM32F1xx_HAL_Driver/Inc/Legacy -IDrivers/CMSIS/Device/ST/STM32F1xx/Include -IDrivers/CMSIS/Include -ICore/Message -ICore/Moudle -D"DEBUG" -D"USE_HAL_DRIVER" -D"STM32F103xB" -mcpu=cortex-m3 -mthumb -Og -Wall -g -ffunction-sections -fdata-sections -funsigned-char --specs=nano.specs --specs=nosys.specs -o ./build/Debug/.obj/Core/Message/usart_send.o -MMD ./Core/Message/usart_send.c
   at unify_builder.Program.Main(String[] args_)
---
In file included from ./Core/Message/usart_send.c:1:
./Core/Message/usart_send.h:13:17: error: unknown type name 'UART_HandleTypeDef'
   13 | void usart_send(UART_HandleTypeDef *huart, const uint8_t *data, uint16_t len) ;
      |                 ^~~~~~~~~~~~~~~~~~
./Core/Message/usart_send.h:13:50: error: unknown type name 'uint8_t'
   13 | void usart_send(UART_HandleTypeDef *huart, const uint8_t *data, uint16_t len) ;
      |                                                  ^~~~~~~
./Core/Message/usart_send.h:1:1: note: 'uint8_t' is defined in header '<stdint.h>'; this is probably fixable by adding '#include <stdint.h>'
  +++ |+#include <stdint.h>
    1 | /**
./Core/Message/usart_send.h:13:65: error: unknown type name 'uint16_t'
   13 | void usart_send(UART_HandleTypeDef *huart, const uint8_t *data, uint16_t len) ;
      |                                                                 ^~~~~~~~
./Core/Message/usart_send.h:13:65: note: 'uint16_t' is defined in header '<stdint.h>'; this is probably fixable by adding '#include <stdint.h>'

[2026-05-21 16:00:25]	[info] incremental build: 2 source files changed
These source files will be recompiled
---
'g:\Work\match\one\TI\code\Tilt_Module\TI_damn\Core\Message\usart_send.c': source file has been changed.
'g:\Work\match\one\TI\code\Tilt_Module\TI_damn\Core\Src\main.c': source file has been changed.

[2026-05-21 16:00:25]	compilation failed at : "g:\Work\match\one\TI\code\Tilt_Module\TI_damn\Core\Message\usart_send.c", exit code: 1
command: 
  "C:\Users\30609\.eide\tools\gcc_arm\bin\arm-none-eabi-gcc.exe" -c -xc -std=c11 -ICore/Inc -IDrivers/STM32F1xx_HAL_Driver/Inc -IDrivers/STM32F1xx_HAL_Driver/Inc/Legacy -IDrivers/CMSIS/Device/ST/STM32F1xx/Include -IDrivers/CMSIS/Include -ICore/Message -ICore/Moudle -D"DEBUG" -D"USE_HAL_DRIVER" -D"STM32F103xB" -mcpu=cortex-m3 -mthumb -Og -Wall -g -ffunction-sections -fdata-sections -funsigned-char --specs=nano.specs --specs=nosys.specs -o ./build/Debug/.obj/Core/Message/usart_send.o -MMD ./Core/Message/usart_send.c
   at unify_builder.Program.Main(String[] args_)
---
In file included from ./Core/Message/usart_send.c:1:
./Core/Message/usart_send.h:13:21: error: unknown type name 'uint8_t'
   13 | void UART_Send_Data(uint8_t *data, uint16_t len);
      |                     ^~~~~~~
./Core/Message/usart_send.h:1:1: note: 'uint8_t' is defined in header '<stdint.h>'; this is probably fixable by adding '#include <stdint.h>'
  +++ |+#include <stdint.h>
    1 | /**
./Core/Message/usart_send.h:13:36: error: unknown type name 'uint16_t'
   13 | void UART_Send_Data(uint8_t *data, uint16_t len);
      |                                    ^~~~~~~~
./Core/Message/usart_send.h:13:36: note: 'uint16_t' is defined in header '<stdint.h>'; this is probably fixable by adding '#include <stdint.h>'

[2026-05-21 16:00:44]	[info] incremental build: 2 source files changed
These source files will be recompiled
---
'g:\Work\match\one\TI\code\Tilt_Module\TI_damn\Core\Message\usart_send.c': source file has been changed.
'g:\Work\match\one\TI\code\Tilt_Module\TI_damn\Core\Src\main.c': source file has been changed.

[2026-05-21 16:00:44]	compilation failed at : "g:\Work\match\one\TI\code\Tilt_Module\TI_damn\Core\Src\main.c", exit code: 1
command: 
  "C:\Users\30609\.eide\tools\gcc_arm\bin\arm-none-eabi-gcc.exe" -c -xc -std=c11 -ICore/Inc -IDrivers/STM32F1xx_HAL_Driver/Inc -IDrivers/STM32F1xx_HAL_Driver/Inc/Legacy -IDrivers/CMSIS/Device/ST/STM32F1xx/Include -IDrivers/CMSIS/Include -ICore/Message -ICore/Moudle -D"DEBUG" -D"USE_HAL_DRIVER" -D"STM32F103xB" -mcpu=cortex-m3 -mthumb -Og -Wall -g -ffunction-sections -fdata-sections -funsigned-char --specs=nano.specs --specs=nosys.specs -o ./build/Debug/.obj/Core/Src/main.o -MMD ./Core/Src/main.c
   at unify_builder.Program.Main(String[] args_)
---
./Core/Src/main.c: In function 'main':
./Core/Src/main.c:98:3: error: implicit declaration of function 'usart_send' [-Wimplicit-function-declaration]
   98 |   usart_send(&huart2, (uint8_t *)"Hello, USART2!\r\n", strlen("Hello, USART2!\r\n"));
      |   ^~~~~~~~~~
./Core/Src/main.c:98:56: error: implicit declaration of function 'strlen' [-Wimplicit-function-declaration]
   98 |   usart_send(&huart2, (uint8_t *)"Hello, USART2!\r\n", strlen("Hello, USART2!\r\n"));
      |                                                        ^~~~~~
./Core/Src/main.c:29:1: note: include '<string.h>' or provide a declaration of 'strlen'
   28 | #include <stdio.h>
  +++ |+#include <string.h>
   29 | /* USER CODE END Includes */
./Core/Src/main.c:98:56: warning: incompatible implicit declaration of built-in function 'strlen' [-Wbuiltin-declaration-mismatch]
   98 |   usart_send(&huart2, (uint8_t *)"Hello, USART2!\r\n", strlen("Hello, USART2!\r\n"));
      |                                                        ^~~~~~
./Core/Src/main.c:98:56: note: include '<string.h>' or provide a declaration of 'strlen'

[2026-05-21 16:00:52]	[info] incremental build: 1 source files changed
These source files will be recompiled
---
'g:\Work\match\one\TI\code\Tilt_Module\TI_damn\Core\Src\main.c': source file has been changed.

[2026-05-21 16:00:53]	[done]
	build successfully !

[2026-05-21 16:01:45]	[info] incremental build: 2 source files changed
These source files will be recompiled
---
'g:\Work\match\one\TI\code\Tilt_Module\TI_damn\Core\Message\usart_send.c': source file has been changed.
'g:\Work\match\one\TI\code\Tilt_Module\TI_damn\Core\Src\main.c': source file has been changed.

[2026-05-21 16:01:45]	compilation failed at : "g:\Work\match\one\TI\code\Tilt_Module\TI_damn\Core\Message\usart_send.c", exit code: 1
command: 
  "C:\Users\30609\.eide\tools\gcc_arm\bin\arm-none-eabi-gcc.exe" -c -xc -std=c11 -ICore/Inc -IDrivers/STM32F1xx_HAL_Driver/Inc -IDrivers/STM32F1xx_HAL_Driver/Inc/Legacy -IDrivers/CMSIS/Device/ST/STM32F1xx/Include -IDrivers/CMSIS/Include -ICore/Message -ICore/Moudle -D"DEBUG" -D"USE_HAL_DRIVER" -D"STM32F103xB" -mcpu=cortex-m3 -mthumb -Og -Wall -g -ffunction-sections -fdata-sections -funsigned-char --specs=nano.specs --specs=nosys.specs -o ./build/Debug/.obj/Core/Message/usart_send.o -MMD ./Core/Message/usart_send.c
   at unify_builder.Program.Main(String[] args_)
---
./Core/Message/usart_send.c: In function 'UART_Send_Data':
./Core/Message/usart_send.c:14:16: error: invalid operands to binary != (have 'UART_HandleTypeDef' {aka 'struct __UART_HandleTypeDef'} and 'void *')
   14 |     if (huart2 != NULL) {
      |                ^~
./Core/Message/usart_send.c:12:25: warning: unused variable 'huart' [-Wunused-variable]
   12 |     UART_HandleTypeDef *huart = NULL;
      |                         ^~~~~

[2026-05-21 16:02:57]	[info] incremental build: 2 source files changed
These source files will be recompiled
---
'g:\Work\match\one\TI\code\Tilt_Module\TI_damn\Core\Message\usart_send.c': source file has been changed.
'g:\Work\match\one\TI\code\Tilt_Module\TI_damn\Core\Src\main.c': source file has been changed.

[2026-05-21 16:02:58]	[done]
	build successfully !

[2026-05-21 16:03:52]	[info] incremental build: 2 source files changed
These source files will be recompiled
---
'g:\Work\match\one\TI\code\Tilt_Module\TI_damn\Core\Message\usart_send.c': source file has been changed.
'g:\Work\match\one\TI\code\Tilt_Module\TI_damn\Core\Src\main.c': dependence 'g:\Work\match\one\TI\code\Tilt_Module\TI_damn\Core\Message\usart_send.h' has been changed.

[2026-05-21 16:03:52]	[done]
	build successfully !

[2026-05-21 16:04:29]	[info] incremental build: 1 source files changed
These source files will be recompiled
---
'g:\Work\match\one\TI\code\Tilt_Module\TI_damn\Core\Src\main.c': source file has been changed.

[2026-05-21 16:04:29]	compilation failed at : "g:\Work\match\one\TI\code\Tilt_Module\TI_damn\Core\Src\main.c", exit code: 1
command: 
  "C:\Users\30609\.eide\tools\gcc_arm\bin\arm-none-eabi-gcc.exe" -c -xc -std=c11 -ICore/Inc -IDrivers/STM32F1xx_HAL_Driver/Inc -IDrivers/STM32F1xx_HAL_Driver/Inc/Legacy -IDrivers/CMSIS/Device/ST/STM32F1xx/Include -IDrivers/CMSIS/Include -ICore/Message -ICore/Moudle -D"DEBUG" -D"USE_HAL_DRIVER" -D"STM32F103xB" -mcpu=cortex-m3 -mthumb -Og -Wall -g -ffunction-sections -fdata-sections -funsigned-char --specs=nano.specs --specs=nosys.specs -o ./build/Debug/.obj/Core/Src/main.o -MMD ./Core/Src/main.c
   at unify_builder.Program.Main(String[] args_)
---
./Core/Src/main.c: In function 'main':
./Core/Src/main.c:98:19: error: passing argument 1 of 'UART2_Send_Data' makes pointer from integer without a cast [-Wint-conversion]
   98 |   UART2_Send_Data(0x01, 1); // 发送一个字节的测试数据
      |                   ^~~~
      |                   |
      |                   int
In file included from ./Core/Src/main.c:27:
Core/Message/usart_send.h:15:31: note: expected 'uint8_t *' {aka 'unsigned char *'} but argument is of type 'int'
   15 | void UART2_Send_Data(uint8_t *data, uint16_t len);
      |                      ~~~~~~~~~^~~~

[2026-05-21 16:04:45]	[info] incremental build: 1 source files changed
These source files will be recompiled
---
'g:\Work\match\one\TI\code\Tilt_Module\TI_damn\Core\Src\main.c': source file has been changed.

[2026-05-21 16:04:45]	[done]
	build successfully !

[2026-05-21 20:31:06]	[info] incremental build: 2 source files changed
These source files will be recompiled
---
'g:\Work\match\one\TI\code\Tilt_Module\TI_damn\Core\Message\usart_send.c': source file has been changed.
'g:\Work\match\one\TI\code\Tilt_Module\TI_damn\Core\Src\main.c': source file has been changed.

[2026-05-21 20:31:07]	[done]
	build successfully !

[2026-05-21 20:32:15]	[info] incremental build: 1 source files changed
These source files will be recompiled
---
'g:\Work\match\one\TI\code\Tilt_Module\TI_damn\Core\Src\main.c': source file has been changed.

[2026-05-21 20:32:16]	[done]
	build successfully !

[2026-05-21 20:32:32]	[info] incremental build: 1 source files changed
These source files will be recompiled
---
'g:\Work\match\one\TI\code\Tilt_Module\TI_damn\Core\Src\main.c': source file has been changed.

[2026-05-21 20:32:32]	[done]
	build successfully !

[2026-05-21 20:41:01]	[info] incremental build: 24 source files changed
These source files will be recompiled
---
'g:\Work\match\one\TI\code\Tilt_Module\TI_damn\Core\Message\usart_send.c': source file has been changed.
'g:\Work\match\one\TI\code\Tilt_Module\TI_damn\Core\Moudle\JC.c': compiler options has been changed.
'g:\Work\match\one\TI\code\Tilt_Module\TI_damn\Core\Src\dma.c': compiler options has been changed.
'g:\Work\match\one\TI\code\Tilt_Module\TI_damn\Core\Src\gpio.c': compiler options has been changed.
'g:\Work\match\one\TI\code\Tilt_Module\TI_damn\Core\Src\main.c': compiler options has been changed.
'g:\Work\match\one\TI\code\Tilt_Module\TI_damn\Core\Src\stm32f1xx_hal_msp.c': compiler options has been changed.
'g:\Work\match\one\TI\code\Tilt_Module\TI_damn\Core\Src\stm32f1xx_it.c': compiler options has been changed.
'g:\Work\match\one\TI\code\Tilt_Module\TI_damn\Core\Src\syscalls.c': compiler options has been changed.
'g:\Work\match\one\TI\code\Tilt_Module\TI_damn\Core\Src\sysmem.c': compiler options has been changed.
'g:\Work\match\one\TI\code\Tilt_Module\TI_damn\Core\Src\system_stm32f1xx.c': compiler options has been changed.
'g:\Work\match\one\TI\code\Tilt_Module\TI_damn\Core\Src\usart.c': compiler options has been changed.
'g:\Work\match\one\TI\code\Tilt_Module\TI_damn\Core\Startup\startup_stm32f103c8tx.s': compiler options has been changed.
'g:\Work\match\one\TI\code\Tilt_Module\TI_damn\Drivers\STM32F1xx_HAL_Driver\Src\stm32f1xx_hal.c': compiler options has been changed.
'g:\Work\match\one\TI\code\Tilt_Module\TI_damn\Drivers\STM32F1xx_HAL_Driver\Src\stm32f1xx_hal_cortex.c': compiler options has been changed.
'g:\Work\match\one\TI\code\Tilt_Module\TI_damn\Drivers\STM32F1xx_HAL_Driver\Src\stm32f1xx_hal_dma.c': compiler options has been changed.
'g:\Work\match\one\TI\code\Tilt_Module\TI_damn\Drivers\STM32F1xx_HAL_Driver\Src\stm32f1xx_hal_exti.c': compiler options has been changed.
'g:\Work\match\one\TI\code\Tilt_Module\TI_damn\Drivers\STM32F1xx_HAL_Driver\Src\stm32f1xx_hal_flash.c': compiler options has been changed.
'g:\Work\match\one\TI\code\Tilt_Module\TI_damn\Drivers\STM32F1xx_HAL_Driver\Src\stm32f1xx_hal_flash_ex.c': compiler options has been changed.
'g:\Work\match\one\TI\code\Tilt_Module\TI_damn\Drivers\STM32F1xx_HAL_Driver\Src\stm32f1xx_hal_gpio.c': compiler options has been changed.
'g:\Work\match\one\TI\code\Tilt_Module\TI_damn\Drivers\STM32F1xx_HAL_Driver\Src\stm32f1xx_hal_gpio_ex.c': compiler options has been changed.
'g:\Work\match\one\TI\code\Tilt_Module\TI_damn\Drivers\STM32F1xx_HAL_Driver\Src\stm32f1xx_hal_pwr.c': compiler options has been changed.
'g:\Work\match\one\TI\code\Tilt_Module\TI_damn\Drivers\STM32F1xx_HAL_Driver\Src\stm32f1xx_hal_rcc.c': compiler options has been changed.
'g:\Work\match\one\TI\code\Tilt_Module\TI_damn\Drivers\STM32F1xx_HAL_Driver\Src\stm32f1xx_hal_rcc_ex.c': compiler options has been changed.
'g:\Work\match\one\TI\code\Tilt_Module\TI_damn\Drivers\STM32F1xx_HAL_Driver\Src\stm32f1xx_hal_uart.c': compiler options has been changed.

[2026-05-21 20:41:01]	compilation failed at : "g:\Work\match\one\TI\code\Tilt_Module\TI_damn\Core\Src\main.c", exit code: 1
command: 
  "C:\Users\30609\.eide\tools\gcc_arm\bin\arm-none-eabi-gcc.exe" -c -xc -std=c11 -ICore/Inc -IDrivers/STM32F1xx_HAL_Driver/Inc -IDrivers/STM32F1xx_HAL_Driver/Inc/Legacy -IDrivers/CMSIS/Device/ST/STM32F1xx/Include -IDrivers/CMSIS/Include -D"DEBUG" -D"USE_HAL_DRIVER" -D"STM32F103xB" -mcpu=cortex-m3 -mthumb -Og -Wall -g -ffunction-sections -fdata-sections -funsigned-char --specs=nano.specs --specs=nosys.specs -o ./build/Debug/.obj/Core/Src/main.o -MMD ./Core/Src/main.c
   at unify_builder.Program.compileByMulThread(Int32 thrNum, CmdInfo[] cmds_, List`1 errLogs)
   at unify_builder.Program.Main(String[] args_)
---
./Core/Src/main.c:27:10: fatal error: usart_send.h: No such file or directory
   27 | #include "usart_send.h"
      |          ^~~~~~~~~~~~~~
compilation terminated.

[2026-05-21 20:41:26]	[info] incremental build: 8 source files changed
These source files will be recompiled
---
'g:\Work\match\one\TI\code\Tilt_Module\TI_damn\Core\Message\usart_send.c': compiler options has been changed.
'g:\Work\match\one\TI\code\Tilt_Module\TI_damn\Core\Moudle\JC.c': compiler options has been changed.
'g:\Work\match\one\TI\code\Tilt_Module\TI_damn\Core\Src\dma.c': compiler options has been changed.
'g:\Work\match\one\TI\code\Tilt_Module\TI_damn\Core\Src\gpio.c': compiler options has been changed.
'g:\Work\match\one\TI\code\Tilt_Module\TI_damn\Core\Src\stm32f1xx_hal_msp.c': compiler options has been changed.
'g:\Work\match\one\TI\code\Tilt_Module\TI_damn\Core\Src\stm32f1xx_it.c': compiler options has been changed.
'g:\Work\match\one\TI\code\Tilt_Module\TI_damn\Core\Src\syscalls.c': compiler options has been changed.
'g:\Work\match\one\TI\code\Tilt_Module\TI_damn\Core\Src\sysmem.c': compiler options has been changed.

[2026-05-21 20:41:26]	[done]
	build successfully !

[2026-05-21 20:41:42]	[info] incremental build: 1 source files changed
These source files will be recompiled
---
'g:\Work\match\one\TI\code\Tilt_Module\TI_damn\Core\Src\main.c': source file has been changed.

[2026-05-21 20:41:43]	[done]
	build successfully !

[2026-05-21 20:47:00]	[info] incremental build: 2 source files changed
These source files will be recompiled
---
'g:\Work\match\one\TI\code\Tilt_Module\TI_damn\Core\Message\usart_send.c': source file has been changed.
'g:\Work\match\one\TI\code\Tilt_Module\TI_damn\Core\Src\main.c': source file has been changed.

[2026-05-21 20:47:00]	[done]
	build successfully !

[2026-05-21 20:50:34]	[info] incremental build: 2 source files changed
These source files will be recompiled
---
'g:\Work\match\one\TI\code\Tilt_Module\TI_damn\Core\Message\usart_send.c': source file has been changed.
'g:\Work\match\one\TI\code\Tilt_Module\TI_damn\Core\Src\main.c': source file has been changed.

[2026-05-21 20:50:34]	[done]
	build successfully !

[2026-05-21 20:51:43]	[info] incremental build: 3 source files changed
These source files will be recompiled
---
'g:\Work\match\one\TI\code\Tilt_Module\TI_damn\Core\Src\dma.c': source file has been changed.
'g:\Work\match\one\TI\code\Tilt_Module\TI_damn\Core\Src\stm32f1xx_it.c': source file has been changed.
'g:\Work\match\one\TI\code\Tilt_Module\TI_damn\Core\Src\usart.c': source file has been changed.

[2026-05-21 20:51:43]	[done]
	build successfully !

[2026-05-21 21:06:16]	[info] incremental build: 1 source files changed
These source files will be recompiled
---
'g:\Work\match\one\TI\code\Tilt_Module\TI_damn\Core\Src\main.c': source file has been changed.

[2026-05-21 21:06:16]	[done]
	build successfully !

[2026-05-21 21:06:25]	[done]
	build successfully !

[2026-05-21 21:06:44]	[info] incremental build: 1 source files changed
These source files will be recompiled
---
'g:\Work\match\one\TI\code\Tilt_Module\TI_damn\Core\Src\main.c': source file has been changed.

[2026-05-21 21:06:44]	[done]
	build successfully !

[2026-05-21 21:07:55]	[info] incremental build: 1 source files changed
These source files will be recompiled
---
'g:\Work\match\one\TI\code\Tilt_Module\TI_damn\Core\Src\main.c': source file has been changed.

[2026-05-21 21:07:56]	[done]
	build successfully !

[2026-05-21 21:08:36]	[info] incremental build: 1 source files changed
These source files will be recompiled
---
'g:\Work\match\one\TI\code\Tilt_Module\TI_damn\Core\Src\gpio.c': source file has been changed.

[2026-05-21 21:08:37]	[done]
	build successfully !

[2026-05-21 21:11:29]	[done]
	build successfully !

[2026-05-21 21:48:18]	[info] incremental build: 2 source files changed
These source files will be recompiled
---
'g:\Work\match\one\TI\code\Tilt_Module\TI_damn\Core\Message\usart_send.c': source file has been changed.
'g:\Work\match\one\TI\code\Tilt_Module\TI_damn\Core\Src\main.c': dependence 'g:\Work\match\one\TI\code\Tilt_Module\TI_damn\Core\Message\usart_send.h' has been changed.

[2026-05-21 21:48:19]	[done]
	build successfully !

[2026-05-21 21:49:34]	[info] incremental build: 1 source files changed
These source files will be recompiled
---
'g:\Work\match\one\TI\code\Tilt_Module\TI_damn\Core\Src\main.c': source file has been changed.

[2026-05-21 21:49:34]	[done]
	build successfully !

[2026-05-21 21:50:30]	[info] incremental build: 1 source files changed
These source files will be recompiled
---
'g:\Work\match\one\TI\code\Tilt_Module\TI_damn\Core\Src\main.c': source file has been changed.

[2026-05-21 21:50:31]	[done]
	build successfully !

[2026-05-21 21:50:38]	[info] incremental build: 1 source files changed
These source files will be recompiled
---
'g:\Work\match\one\TI\code\Tilt_Module\TI_damn\Core\Src\main.c': source file has been changed.

[2026-05-21 21:50:38]	[done]
	build successfully !

[2026-05-21 21:51:19]	[info] incremental build: 1 source files changed
These source files will be recompiled
---
'g:\Work\match\one\TI\code\Tilt_Module\TI_damn\Core\Src\gpio.c': source file has been changed.

[2026-05-21 21:51:19]	[done]
	build successfully !

[2026-05-21 21:51:48]	[done]
	build successfully !

[2026-05-21 21:52:04]	[done]
	build successfully !

[2026-05-22 00:21:31]	[info] incremental build: 3 source files changed
These source files will be recompiled
---
'g:\Work\match\one\TI\code\Tilt_Module\TI_damn\Core\Src\main.c': source file has been changed.
'g:\Work\match\one\TI\code\Tilt_Module\TI_damn\Core\Src\stm32f1xx_it.c': source file has been changed.
'g:\Work\match\one\TI\code\Tilt_Module\TI_damn\Core\Src\usart.c': source file has been changed.

[2026-05-22 00:21:32]	[done]
	build successfully !

[2026-05-22 00:23:57]	[info] incremental build: 1 source files changed
These source files will be recompiled
---
'g:\Work\match\one\TI\code\Tilt_Module\TI_damn\Core\Src\main.c': source file has been changed.

[2026-05-22 00:23:58]	[done]
	build successfully !

[2026-05-22 00:24:36]	[info] incremental build: 1 source files changed
These source files will be recompiled
---
'g:\Work\match\one\TI\code\Tilt_Module\TI_damn\Core\Src\main.c': source file has been changed.

[2026-05-22 00:24:36]	[done]
	build successfully !

[2026-05-22 00:44:03]	[info] incremental build: 1 source files changed
These source files will be recompiled
---
'g:\Work\match\one\TI\code\Tilt_Module\TI_damn\Core\Src\main.c': source file has been changed.

[2026-05-22 00:44:04]	[done]
	build successfully !

[2026-05-22 00:45:54]	[done]
	build successfully !

[2026-05-22 00:46:32]	[info] incremental build: 1 source files changed
These source files will be recompiled
---
'g:\Work\match\one\TI\code\Tilt_Module\TI_damn\Core\Src\main.c': source file has been changed.

[2026-05-22 00:46:33]	[done]
	build successfully !

[2026-05-22 00:46:39]	[info] incremental build: 1 source files changed
These source files will be recompiled
---
'g:\Work\match\one\TI\code\Tilt_Module\TI_damn\Core\Src\main.c': source file has been changed.

[2026-05-22 00:46:40]	[done]
	build successfully !

[2026-05-22 00:46:52]	[info] incremental build: 1 source files changed
These source files will be recompiled
---
'g:\Work\match\one\TI\code\Tilt_Module\TI_damn\Core\Src\main.c': source file has been changed.

[2026-05-22 00:46:53]	[done]
	build successfully !

[2026-05-22 00:47:21]	[info] incremental build: 1 source files changed
These source files will be recompiled
---
'g:\Work\match\one\TI\code\Tilt_Module\TI_damn\Core\Src\main.c': source file has been changed.

[2026-05-22 00:47:21]	[done]
	build successfully !

[2026-05-22 00:47:37]	[info] incremental build: 1 source files changed
These source files will be recompiled
---
'g:\Work\match\one\TI\code\Tilt_Module\TI_damn\Core\Src\main.c': source file has been changed.

[2026-05-22 00:47:38]	[done]
	build successfully !

[2026-05-22 00:48:09]	[info] incremental build: 1 source files changed
These source files will be recompiled
---
'g:\Work\match\one\TI\code\Tilt_Module\TI_damn\Core\Src\main.c': source file has been changed.

[2026-05-22 00:48:09]	[done]
	build successfully !

[2026-05-22 00:48:34]	[info] incremental build: 1 source files changed
These source files will be recompiled
---
'g:\Work\match\one\TI\code\Tilt_Module\TI_damn\Core\Src\main.c': source file has been changed.

[2026-05-22 00:48:35]	[done]
	build successfully !

[2026-05-22 00:49:00]	[info] incremental build: 1 source files changed
These source files will be recompiled
---
'g:\Work\match\one\TI\code\Tilt_Module\TI_damn\Core\Src\main.c': source file has been changed.

[2026-05-22 00:49:00]	[done]
	build successfully !

[2026-05-22 00:49:33]	[info] incremental build: 1 source files changed
These source files will be recompiled
---
'g:\Work\match\one\TI\code\Tilt_Module\TI_damn\Core\Src\main.c': source file has been changed.

[2026-05-22 00:49:33]	[done]
	build successfully !

[2026-05-22 00:50:21]	[info] incremental build: 1 source files changed
These source files will be recompiled
---
'g:\Work\match\one\TI\code\Tilt_Module\TI_damn\Core\Src\main.c': source file has been changed.

[2026-05-22 00:50:21]	[done]
	build successfully !

[2026-05-22 00:50:28]	[info] incremental build: 1 source files changed
These source files will be recompiled
---
'g:\Work\match\one\TI\code\Tilt_Module\TI_damn\Core\Src\main.c': source file has been changed.

[2026-05-22 00:50:29]	[done]
	build successfully !

[2026-05-22 00:50:36]	[info] incremental build: 1 source files changed
These source files will be recompiled
---
'g:\Work\match\one\TI\code\Tilt_Module\TI_damn\Core\Src\main.c': source file has been changed.

[2026-05-22 00:50:36]	[done]
	build successfully !

[2026-05-22 01:32:36]	[done]
	build successfully !

[2026-05-22 02:21:28]	[info] incremental build: 2 source files changed
These source files will be recompiled
---
'g:\Work\match\one\TI\code\Tilt_Module\TI_damn\Core\Moudle\JC.c': source file has been changed.
'g:\Work\match\one\TI\code\Tilt_Module\TI_damn\Core\Src\main.c': source file has been changed.

[2026-05-22 02:21:28]	[done]
	build successfully !

[2026-05-22 03:10:54]	[info] incremental build: 2 source files changed
These source files will be recompiled
---
'g:\Work\match\one\TI\code\Tilt_Module\TI_damn\Core\Moudle\JC.c': source file has been changed.
'g:\Work\match\one\TI\code\Tilt_Module\TI_damn\Core\Src\main.c': source file has been changed.

[2026-05-22 03:10:55]	[done]
	build successfully !

[2026-05-22 03:21:43]	[info] incremental build: 1 source files changed
These source files will be recompiled
---
'g:\Work\match\one\TI\code\Tilt_Module\TI_damn\Core\Src\main.c': source file has been changed.

[2026-05-22 03:21:43]	[done]
	build successfully !

[2026-05-22 03:28:04]	[info] incremental build: 2 source files changed
These source files will be recompiled
---
'g:\Work\match\one\TI\code\Tilt_Module\TI_damn\Core\Moudle\JC.c': source file has been changed.
'g:\Work\match\one\TI\code\Tilt_Module\TI_damn\Core\Src\main.c': dependence 'g:\Work\match\one\TI\code\Tilt_Module\TI_damn\Core\Moudle\JC.h' has been changed.

[2026-05-22 03:28:05]	[done]
	build successfully !

[2026-05-22 03:32:15]	[done]
	build successfully !

[2026-05-22 03:33:50]	[info] incremental build: 1 source files changed
These source files will be recompiled
---
'g:\Work\match\one\TI\code\Tilt_Module\TI_damn\Core\Moudle\JC.c': source file has been changed.

[2026-05-22 03:33:50]	[done]
	build successfully !

[2026-05-22 03:52:06]	[done]
	build successfully !

[2026-05-22 03:53:09]	[info] incremental build: 1 source files changed
These source files will be recompiled
---
'g:\Work\match\one\TI\code\Tilt_Module\TI_damn\Core\Moudle\JC.c': source file has been changed.

[2026-05-22 03:53:09]	[done]
	build successfully !

[2026-05-22 03:55:28]	[info] incremental build: 1 source files changed
These source files will be recompiled
---
'g:\Work\match\one\TI\code\Tilt_Module\TI_damn\Core\Src\main.c': source file has been changed.

[2026-05-22 03:55:29]	[done]
	build successfully !

[2026-05-22 03:56:04]	[info] incremental build: 1 source files changed
These source files will be recompiled
---
'g:\Work\match\one\TI\code\Tilt_Module\TI_damn\Core\Src\main.c': source file has been changed.

[2026-05-22 03:56:04]	[done]
	build successfully !

[2026-05-22 04:01:06]	[info] incremental build: 1 source files changed
These source files will be recompiled
---
'g:\Work\match\one\TI\code\Tilt_Module\TI_damn\Core\Src\main.c': source file has been changed.

[2026-05-22 04:01:06]	[done]
	build successfully !

[2026-05-22 04:01:57]	[info] incremental build: 1 source files changed
These source files will be recompiled
---
'g:\Work\match\one\TI\code\Tilt_Module\TI_damn\Core\Src\main.c': source file has been changed.

[2026-05-22 04:01:57]	[done]
	build successfully !

[2026-05-22 04:24:01]	[done]
	build successfully !

[2026-05-22 04:24:26]	[info] incremental build: 1 source files changed
These source files will be recompiled
---
'g:\Work\match\one\TI\code\Tilt_Module\TI_damn\Core\Moudle\JC.c': source file has been changed.

[2026-05-22 04:24:26]	[done]
	build successfully !

[2026-05-22 04:24:39]	[info] incremental build: 1 source files changed
These source files will be recompiled
---
'g:\Work\match\one\TI\code\Tilt_Module\TI_damn\Core\Src\main.c': source file has been changed.

[2026-05-22 04:24:39]	[done]
	build successfully !

[2026-05-22 04:25:22]	[info] incremental build: 2 source files changed
These source files will be recompiled
---
'g:\Work\match\one\TI\code\Tilt_Module\TI_damn\Core\Moudle\JC.c': source file has been changed.
'g:\Work\match\one\TI\code\Tilt_Module\TI_damn\Core\Src\main.c': source file has been changed.

[2026-05-22 04:25:22]	compilation failed at : "g:\Work\match\one\TI\code\Tilt_Module\TI_damn\Core\Src\main.c", exit code: 1
command: 
  "C:\Users\30609\.eide\tools\gcc_arm\bin\arm-none-eabi-gcc.exe" -c -xc -std=c11 -ICore/Inc -IDrivers/STM32F1xx_HAL_Driver/Inc -IDrivers/STM32F1xx_HAL_Driver/Inc/Legacy -IDrivers/CMSIS/Device/ST/STM32F1xx/Include -IDrivers/CMSIS/Include -ICore/Message -ICore/Moudle -D"DEBUG" -D"USE_HAL_DRIVER" -D"STM32F103xB" -mcpu=cortex-m3 -mthumb -Og -Wall -g -ffunction-sections -fdata-sections -funsigned-char --specs=nano.specs --specs=nosys.specs -o ./build/Debug/.obj/Core/Src/main.o -MMD ./Core/Src/main.c
   at unify_builder.Program.Main(String[] args_)
---
./Core/Src/main.c: In function 'main':
./Core/Src/main.c:100:3: error: implicit declaration of function 'JC_Motor_stop'; did you mean 'JC_Motor_start'? [-Wimplicit-function-declaration]
  100 |   JC_Motor_stop();
      |   ^~~~~~~~~~~~~
      |   JC_Motor_start

[2026-05-22 04:25:46]	[info] incremental build: 2 source files changed
These source files will be recompiled
---
'g:\Work\match\one\TI\code\Tilt_Module\TI_damn\Core\Moudle\JC.c': dependence 'g:\Work\match\one\TI\code\Tilt_Module\TI_damn\Core\Moudle\JC.h' has been changed.
'g:\Work\match\one\TI\code\Tilt_Module\TI_damn\Core\Src\main.c': source file has been changed.

[2026-05-22 04:25:46]	[done]
	build successfully !

[2026-05-22 04:26:35]	[info] incremental build: 2 source files changed
These source files will be recompiled
---
'g:\Work\match\one\TI\code\Tilt_Module\TI_damn\Core\Moudle\JC.c': source file has been changed.
'g:\Work\match\one\TI\code\Tilt_Module\TI_damn\Core\Src\main.c': source file has been changed.

[2026-05-22 04:26:35]	[done]
	build successfully !

[2026-05-22 04:27:01]	[info] incremental build: 2 source files changed
These source files will be recompiled
---
'g:\Work\match\one\TI\code\Tilt_Module\TI_damn\Core\Moudle\JC.c': source file has been changed.
'g:\Work\match\one\TI\code\Tilt_Module\TI_damn\Core\Src\main.c': source file has been changed.

[2026-05-22 04:27:01]	[done]
	build successfully !

[2026-05-22 04:27:36]	[info] incremental build: 1 source files changed
These source files will be recompiled
---
'g:\Work\match\one\TI\code\Tilt_Module\TI_damn\Core\Moudle\JC.c': source file has been changed.

[2026-05-22 04:27:37]	[done]
	build successfully !

[2026-05-22 04:28:39]	[info] incremental build: 1 source files changed
These source files will be recompiled
---
'g:\Work\match\one\TI\code\Tilt_Module\TI_damn\Core\Src\main.c': source file has been changed.

[2026-05-22 04:28:39]	[done]
	build successfully !

[2026-05-22 04:28:50]	[info] incremental build: 1 source files changed
These source files will be recompiled
---
'g:\Work\match\one\TI\code\Tilt_Module\TI_damn\Core\Src\main.c': source file has been changed.

[2026-05-22 04:28:51]	[done]
	build successfully !

[2026-05-22 04:29:11]	[info] incremental build: 1 source files changed
These source files will be recompiled
---
'g:\Work\match\one\TI\code\Tilt_Module\TI_damn\Core\Src\main.c': source file has been changed.

[2026-05-22 04:29:12]	[done]
	build successfully !

[2026-05-22 04:31:38]	[info] incremental build: 2 source files changed
These source files will be recompiled
---
'g:\Work\match\one\TI\code\Tilt_Module\TI_damn\Core\Moudle\JC.c': source file has been changed.
'g:\Work\match\one\TI\code\Tilt_Module\TI_damn\Core\Src\main.c': source file has been changed.

[2026-05-22 04:31:38]	compilation failed at : "g:\Work\match\one\TI\code\Tilt_Module\TI_damn\Core\Src\main.c", exit code: 1
command: 
  "C:\Users\30609\.eide\tools\gcc_arm\bin\arm-none-eabi-gcc.exe" -c -xc -std=c11 -ICore/Inc -IDrivers/STM32F1xx_HAL_Driver/Inc -IDrivers/STM32F1xx_HAL_Driver/Inc/Legacy -IDrivers/CMSIS/Device/ST/STM32F1xx/Include -IDrivers/CMSIS/Include -ICore/Message -ICore/Moudle -D"DEBUG" -D"USE_HAL_DRIVER" -D"STM32F103xB" -mcpu=cortex-m3 -mthumb -Og -Wall -g -ffunction-sections -fdata-sections -funsigned-char --specs=nano.specs --specs=nosys.specs -o ./build/Debug/.obj/Core/Src/main.o -MMD ./Core/Src/main.c
   at unify_builder.Program.Main(String[] args_)
---
./Core/Src/main.c: In function 'main':
./Core/Src/main.c:99:3: error: implicit declaration of function 'JC_Motor_start'; did you mean 'JC_Motor_stop'? [-Wimplicit-function-declaration]
   99 |   JC_Motor_start();
      |   ^~~~~~~~~~~~~~
      |   JC_Motor_stop

[2026-05-22 04:38:33]	[info] incremental build: 2 source files changed
These source files will be recompiled
---
'g:\Work\match\one\TI\code\Tilt_Module\TI_damn\Core\Moudle\JC.c': dependence 'g:\Work\match\one\TI\code\Tilt_Module\TI_damn\Core\Moudle\JC.h' has been changed.
'g:\Work\match\one\TI\code\Tilt_Module\TI_damn\Core\Src\main.c': source file has been changed.

[2026-05-22 04:38:33]	[done]
	build successfully !

